2025-02-13 11:06:55,665 - INFO - 🚀 Запуск голосового ассистента...
2025-02-13 11:06:59,175 - INFO - 🔊 Калибровка уровня шума...
2025-02-13 11:07:00,147 - INFO - Установленный порог: 11929.69
2025-02-13 11:07:04,966 - INFO - 🤖 Бот запущен. Ожидание активации...
2025-02-13 11:07:04,992 - INFO - 🎤 Ожидание ключевой фразы...
2025-02-13 11:07:14,151 - INFO - 🔹 Активация!
2025-02-13 11:07:14,151 - INFO - 🎤 Голосовая команда активирована
2025-02-13 11:07:14,153 - INFO - 🎤 Запись команды...
2025-02-13 11:07:14,154 - INFO - 🔹 RMS: 2376.44 (Порог: 11929.69)
2025-02-13 11:07:14,156 - INFO - 🔹 RMS: 8431.71 (Порог: 11929.69)
2025-02-13 11:07:14,157 - INFO - 🔹 RMS: 18045.76 (Порог: 11929.69)
2025-02-13 11:07:14,221 - INFO - 🔹 RMS: 7707.99 (Порог: 11929.69)
2025-02-13 11:07:14,282 - INFO - 🔹 RMS: 8875.00 (Порог: 11929.69)
2025-02-13 11:07:14,352 - INFO - 🔹 RMS: 23093.35 (Порог: 11929.69)
2025-02-13 11:07:14,412 - INFO - 🔹 RMS: 11852.36 (Порог: 11929.69)
2025-02-13 11:07:14,472 - INFO - 🔹 RMS: 6768.78 (Порог: 11929.69)
2025-02-13 11:07:14,542 - INFO - 🔹 RMS: 10519.14 (Порог: 11929.69)
2025-02-13 11:07:14,602 - INFO - 🔹 RMS: 11901.74 (Порог: 11929.69)
2025-02-13 11:07:14,672 - INFO - 🔹 RMS: 17046.72 (Порог: 11929.69)
2025-02-13 11:07:14,732 - INFO - 🔹 RMS: 24751.81 (Порог: 11929.69)
2025-02-13 11:07:14,793 - INFO - 🔹 RMS: 14197.10 (Порог: 11929.69)
2025-02-13 11:07:14,862 - INFO - 🔹 RMS: 6409.45 (Порог: 11929.69)
2025-02-13 11:07:14,922 - INFO - 🔹 RMS: 4766.32 (Порог: 11929.69)
2025-02-13 11:07:14,992 - INFO - 🔹 RMS: 5476.24 (Порог: 11929.69)
2025-02-13 11:07:15,052 - INFO - 🔹 RMS: 3931.05 (Порог: 11929.69)
2025-02-13 11:07:15,113 - INFO - 🔹 RMS: 6715.12 (Порог: 11929.69)
2025-02-13 11:07:15,182 - INFO - 🔹 RMS: 128797.51 (Порог: 11929.69)
2025-02-13 11:07:15,243 - INFO - 🔹 RMS: 494076.73 (Порог: 11929.69)
2025-02-13 11:07:15,313 - INFO - 🔹 RMS: 647756.50 (Порог: 11929.69)
2025-02-13 11:07:15,372 - INFO - 🔹 RMS: 541820.12 (Порог: 11929.69)
2025-02-13 11:07:15,433 - INFO - 🔹 RMS: 284623.08 (Порог: 11929.69)
2025-02-13 11:07:15,502 - INFO - 🔹 RMS: 118221.69 (Порог: 11929.69)
2025-02-13 11:07:15,562 - INFO - 🔹 RMS: 44871.09 (Порог: 11929.69)
2025-02-13 11:07:15,632 - INFO - 🔹 RMS: 13936.94 (Порог: 11929.69)
2025-02-13 11:07:15,693 - INFO - 🔹 RMS: 18072.85 (Порог: 11929.69)
2025-02-13 11:07:15,753 - INFO - 🔹 RMS: 10210.62 (Порог: 11929.69)
2025-02-13 11:07:15,822 - INFO - 🔹 RMS: 7024.72 (Порог: 11929.69)
2025-02-13 11:07:15,882 - INFO - 🔹 RMS: 10470.80 (Порог: 11929.69)
2025-02-13 11:07:15,952 - INFO - 🔹 RMS: 10660.97 (Порог: 11929.69)
2025-02-13 11:07:16,013 - INFO - 🔹 RMS: 11079.22 (Порог: 11929.69)
2025-02-13 11:07:16,073 - INFO - 🔹 RMS: 4930.67 (Порог: 11929.69)
2025-02-13 11:07:16,143 - INFO - 🔹 RMS: 2641.69 (Порог: 11929.69)
2025-02-13 11:07:16,203 - INFO - 🔹 RMS: 2224.24 (Порог: 11929.69)
2025-02-13 11:07:16,272 - INFO - 🔹 RMS: 1800.61 (Порог: 11929.69)
2025-02-13 11:07:16,333 - INFO - 🔹 RMS: 1739.93 (Порог: 11929.69)
2025-02-13 11:07:16,393 - INFO - 🔹 RMS: 1787.00 (Порог: 11929.69)
2025-02-13 11:07:16,462 - INFO - 🔹 RMS: 4740.12 (Порог: 11929.69)
2025-02-13 11:07:16,523 - INFO - 🔹 RMS: 3920.10 (Порог: 11929.69)
2025-02-13 11:07:16,598 - INFO - 🔹 RMS: 3971.58 (Порог: 11929.69)
2025-02-13 11:07:16,653 - INFO - 🔹 RMS: 2915.64 (Порог: 11929.69)
2025-02-13 11:07:16,712 - INFO - 🔹 RMS: 3461.56 (Порог: 11929.69)
2025-02-13 11:07:16,782 - INFO - 🔹 RMS: 2132.11 (Порог: 11929.69)
2025-02-13 11:07:16,843 - INFO - 🔹 RMS: 7472.15 (Порог: 11929.69)
2025-02-13 11:07:16,912 - INFO - 🔹 RMS: 16274.98 (Порог: 11929.69)
2025-02-13 11:07:16,972 - INFO - 🔹 RMS: 22879.67 (Порог: 11929.69)
2025-02-13 11:07:17,033 - INFO - 🔹 RMS: 21493.75 (Порог: 11929.69)
2025-02-13 11:07:17,102 - INFO - 🔹 RMS: 11995.20 (Порог: 11929.69)
2025-02-13 11:07:17,162 - INFO - 🔹 RMS: 4682.71 (Порог: 11929.69)
2025-02-13 11:07:17,233 - INFO - 🔹 RMS: 2829.12 (Порог: 11929.69)
2025-02-13 11:07:17,293 - INFO - 🔹 RMS: 1654.78 (Порог: 11929.69)
2025-02-13 11:07:17,352 - INFO - 🔹 RMS: 1629.80 (Порог: 11929.69)
2025-02-13 11:07:17,422 - INFO - 🔹 RMS: 1986.77 (Порог: 11929.69)
2025-02-13 11:07:17,483 - INFO - 🔹 RMS: 2884.33 (Порог: 11929.69)
2025-02-13 11:07:17,552 - INFO - 🔹 RMS: 2021.37 (Порог: 11929.69)
2025-02-13 11:07:17,613 - INFO - 🔹 RMS: 1984.81 (Порог: 11929.69)
2025-02-13 11:07:17,673 - INFO - 🔹 RMS: 3597.28 (Порог: 11929.69)
2025-02-13 11:07:17,742 - INFO - 🔹 RMS: 2686.59 (Порог: 11929.69)
2025-02-13 11:07:17,803 - INFO - 🔹 RMS: 38806.67 (Порог: 11929.69)
2025-02-13 11:07:17,872 - INFO - 🔹 RMS: 140103.98 (Порог: 11929.69)
2025-02-13 11:07:17,933 - INFO - 🔹 RMS: 90298.37 (Порог: 11929.69)
2025-02-13 11:07:17,993 - INFO - 🔹 RMS: 78129.42 (Порог: 11929.69)
2025-02-13 11:07:18,062 - INFO - 🔹 RMS: 50942.42 (Порог: 11929.69)
2025-02-13 11:07:18,123 - INFO - 🔹 RMS: 41579.19 (Порог: 11929.69)
2025-02-13 11:07:18,192 - INFO - 🔹 RMS: 24164.76 (Порог: 11929.69)
2025-02-13 11:07:18,252 - INFO - 🔹 RMS: 23221.19 (Порог: 11929.69)
2025-02-13 11:07:18,313 - INFO - 🔹 RMS: 18681.28 (Порог: 11929.69)
2025-02-13 11:07:18,383 - INFO - 🔹 RMS: 29987.35 (Порог: 11929.69)
2025-02-13 11:07:18,442 - INFO - 🔹 RMS: 37705.08 (Порог: 11929.69)
2025-02-13 11:07:18,512 - INFO - 🔹 RMS: 32786.69 (Порог: 11929.69)
2025-02-13 11:07:18,573 - INFO - 🔹 RMS: 16507.81 (Порог: 11929.69)
2025-02-13 11:07:18,632 - INFO - 🔹 RMS: 19491.08 (Порог: 11929.69)
2025-02-13 11:07:18,703 - INFO - 🔹 RMS: 9763.56 (Порог: 11929.69)
2025-02-13 11:07:18,763 - INFO - 🔹 RMS: 9759.41 (Порог: 11929.69)
2025-02-13 11:07:18,833 - INFO - 🔹 RMS: 32597.14 (Порог: 11929.69)
2025-02-13 11:07:18,893 - INFO - 🔹 RMS: 34956.56 (Порог: 11929.69)
2025-02-13 11:07:18,953 - INFO - 🔹 RMS: 11183.05 (Порог: 11929.69)
2025-02-13 11:07:19,022 - INFO - 🔹 RMS: 2014.35 (Порог: 11929.69)
2025-02-13 11:07:19,083 - INFO - 🔹 RMS: 2832.39 (Порог: 11929.69)
2025-02-13 11:07:19,152 - INFO - 🔹 RMS: 4240.57 (Порог: 11929.69)
2025-02-13 11:07:19,155 - INFO - ✅ Команда записана!
2025-02-13 11:07:20,199 - INFO - 📝 Распознано: привет
2025-02-13 11:07:20,200 - INFO - 🤖 Определённый intent: hello
2025-02-13 11:07:20,201 - INFO - ✅ Найдена команда: hello
2025-02-13 11:07:24,113 - INFO - 🎤 Ожидание ключевой фразы...
2025-02-13 12:05:21,843 - INFO - 🚀 Запуск голосового ассистента...
2025-02-13 12:05:45,500 - INFO - 🚀 Запуск голосового ассистента...
2025-02-13 12:05:58,384 - INFO - 🚀 Запуск голосового ассистента...
2025-02-13 12:06:01,774 - INFO - 🔊 Калибровка уровня шума...
2025-02-13 12:06:02,747 - INFO - Установленный порог: 39118.62
2025-02-13 12:06:16,829 - INFO - 🚀 Запуск голосового ассистента...
2025-02-13 12:06:20,245 - INFO - 🔊 Калибровка уровня шума...
2025-02-13 12:06:21,217 - INFO - Установленный порог: 28706.39
2025-02-13 12:06:25,970 - INFO - 🤖 Бот запущен. Ожидание активации...
2025-02-13 12:06:25,997 - INFO - 🎤 Ожидание ключевой фразы...
2025-02-13 12:06:30,265 - INFO - 🔹 Активация!
2025-02-13 12:06:30,266 - INFO - 🎤 Голосовая команда активирована
2025-02-13 12:06:30,267 - INFO - 🎤 Запись команды...
2025-02-13 12:06:30,268 - INFO - 🔹 RMS: 16461.19 (Порог: 28706.39)
2025-02-13 12:06:30,270 - INFO - 🔹 RMS: 25819.33 (Порог: 28706.39)
2025-02-13 12:06:30,271 - INFO - 🔹 RMS: 24579.73 (Порог: 28706.39)
2025-02-13 12:06:30,337 - INFO - 🔹 RMS: 1062.04 (Порог: 28706.39)
2025-02-13 12:06:30,397 - INFO - 🔹 RMS: 3423.12 (Порог: 28706.39)
2025-02-13 12:06:30,467 - INFO - 🔹 RMS: 1618.98 (Порог: 28706.39)
2025-02-13 12:06:30,527 - INFO - 🔹 RMS: 1587.00 (Порог: 28706.39)
2025-02-13 12:06:30,587 - INFO - 🔹 RMS: 1848.51 (Порог: 28706.39)
2025-02-13 12:06:30,657 - INFO - 🔹 RMS: 1272.07 (Порог: 28706.39)
2025-02-13 12:06:30,717 - INFO - 🔹 RMS: 1020.78 (Порог: 28706.39)
2025-02-13 12:06:30,787 - INFO - 🔹 RMS: 1202.21 (Порог: 28706.39)
2025-02-13 12:06:30,847 - INFO - 🔹 RMS: 937.50 (Порог: 28706.39)
2025-02-13 12:06:30,907 - INFO - 🔹 RMS: 1074.38 (Порог: 28706.39)
2025-02-13 12:06:30,976 - INFO - 🔹 RMS: 1070.74 (Порог: 28706.39)
2025-02-13 12:06:31,037 - INFO - 🔹 RMS: 951.97 (Порог: 28706.39)
2025-02-13 12:06:31,107 - INFO - 🔹 RMS: 3567.29 (Порог: 28706.39)
2025-02-13 12:06:31,168 - INFO - 🔹 RMS: 1349.91 (Порог: 28706.39)
2025-02-13 12:06:31,227 - INFO - 🔹 RMS: 7731.58 (Порог: 28706.39)
2025-02-13 12:06:31,297 - INFO - 🔹 RMS: 124371.41 (Порог: 28706.39)
2025-02-13 12:06:31,358 - INFO - 🔹 RMS: 690036.18 (Порог: 28706.39)
2025-02-13 12:06:31,427 - INFO - 🔹 RMS: 1367725.48 (Порог: 28706.39)
2025-02-13 12:06:31,487 - INFO - 🔹 RMS: 556891.42 (Порог: 28706.39)
2025-02-13 12:06:31,548 - INFO - 🔹 RMS: 459244.77 (Порог: 28706.39)
2025-02-13 12:06:31,616 - INFO - 🔹 RMS: 231496.63 (Порог: 28706.39)
2025-02-13 12:06:31,678 - INFO - 🔹 RMS: 133232.81 (Порог: 28706.39)
2025-02-13 12:06:31,747 - INFO - 🔹 RMS: 70590.06 (Порог: 28706.39)
2025-02-13 12:06:31,808 - INFO - 🔹 RMS: 47970.36 (Порог: 28706.39)
2025-02-13 12:06:31,868 - INFO - 🔹 RMS: 49482.86 (Порог: 28706.39)
2025-02-13 12:06:31,937 - INFO - 🔹 RMS: 38040.60 (Порог: 28706.39)
2025-02-13 12:06:31,998 - INFO - 🔹 RMS: 14176.21 (Порог: 28706.39)
2025-02-13 12:06:32,067 - INFO - 🔹 RMS: 4057.21 (Порог: 28706.39)
2025-02-13 12:06:32,127 - INFO - 🔹 RMS: 2653.49 (Порог: 28706.39)
2025-02-13 12:06:32,188 - INFO - 🔹 RMS: 1213.53 (Порог: 28706.39)
2025-02-13 12:06:32,257 - INFO - 🔹 RMS: 1086.58 (Порог: 28706.39)
2025-02-13 12:06:32,318 - INFO - 🔹 RMS: 1109.26 (Порог: 28706.39)
2025-02-13 12:06:32,387 - INFO - 🔹 RMS: 1641.44 (Порог: 28706.39)
2025-02-13 12:06:32,448 - INFO - 🔹 RMS: 2777.38 (Порог: 28706.39)
2025-02-13 12:06:32,507 - INFO - 🔹 RMS: 3635.89 (Порог: 28706.39)
2025-02-13 12:06:32,577 - INFO - 🔹 RMS: 2053.96 (Порог: 28706.39)
2025-02-13 12:06:32,638 - INFO - 🔹 RMS: 16753.18 (Порог: 28706.39)
2025-02-13 12:06:32,706 - INFO - 🔹 RMS: 12845.35 (Порог: 28706.39)
2025-02-13 12:06:32,768 - INFO - 🔹 RMS: 2045.14 (Порог: 28706.39)
2025-02-13 12:06:32,828 - INFO - 🔹 RMS: 2151.72 (Порог: 28706.39)
2025-02-13 12:06:32,897 - INFO - 🔹 RMS: 2188.39 (Порог: 28706.39)
2025-02-13 12:06:32,957 - INFO - 🔹 RMS: 15135.71 (Порог: 28706.39)
2025-02-13 12:06:33,027 - INFO - 🔹 RMS: 2679.86 (Порог: 28706.39)
2025-02-13 12:06:33,088 - INFO - 🔹 RMS: 1458.07 (Порог: 28706.39)
2025-02-13 12:06:33,147 - INFO - 🔹 RMS: 3371.82 (Порог: 28706.39)
2025-02-13 12:06:33,217 - INFO - 🔹 RMS: 5588.51 (Порог: 28706.39)
2025-02-13 12:06:33,277 - INFO - 🔹 RMS: 3672.24 (Порог: 28706.39)
2025-02-13 12:06:33,347 - INFO - 🔹 RMS: 5356.62 (Порог: 28706.39)
2025-02-13 12:06:33,407 - INFO - 🔹 RMS: 1972.96 (Порог: 28706.39)
2025-02-13 12:06:33,468 - INFO - 🔹 RMS: 2248.70 (Порог: 28706.39)
2025-02-13 12:06:33,469 - INFO - ✅ Команда записана!
2025-02-13 12:06:34,354 - INFO - 📝 Распознано: привет
2025-02-13 12:06:34,355 - INFO - 🤖 Определённый intent: hello
2025-02-13 12:06:34,356 - INFO - ✅ Найдена команда: hello
2025-02-13 12:06:37,038 - INFO - 🎤 Ожидание ключевой фразы...
2025-02-13 12:07:37,930 - INFO - 🚀 Запуск голосового ассистента...
2025-02-13 12:07:41,416 - INFO - 🔊 Калибровка уровня шума...
2025-02-13 12:07:42,389 - INFO - Установленный порог: 5224.14
2025-02-13 12:07:47,121 - INFO - 🤖 Бот запущен. Ожидание активации...
2025-02-13 12:07:47,147 - INFO - 🎤 Ожидание ключевой фразы...
2025-02-13 12:07:49,978 - INFO - 🔹 Активация!
2025-02-13 12:07:49,979 - INFO - 🎤 Голосовая команда активирована
2025-02-13 12:07:49,980 - INFO - 🎤 Запись команды...
2025-02-13 12:07:49,981 - INFO - 🔹 RMS: 2887.37 (Порог: 5224.14)
2025-02-13 12:07:49,983 - INFO - 🔹 RMS: 5373.91 (Порог: 5224.14)
2025-02-13 12:07:49,984 - INFO - 🔹 RMS: 2591.49 (Порог: 5224.14)
2025-02-13 12:07:50,050 - INFO - 🔹 RMS: 9635.90 (Порог: 5224.14)
2025-02-13 12:07:50,110 - INFO - 🔹 RMS: 9786.94 (Порог: 5224.14)
2025-02-13 12:07:50,180 - INFO - 🔹 RMS: 4869.39 (Порог: 5224.14)
2025-02-13 12:07:50,240 - INFO - 🔹 RMS: 2120.86 (Порог: 5224.14)
2025-02-13 12:07:50,300 - INFO - 🔹 RMS: 3648.23 (Порог: 5224.14)
2025-02-13 12:07:50,370 - INFO - 🔹 RMS: 5321.50 (Порог: 5224.14)
2025-02-13 12:07:50,431 - INFO - 🔹 RMS: 16783.11 (Порог: 5224.14)
2025-02-13 12:07:50,500 - INFO - 🔹 RMS: 29868.09 (Порог: 5224.14)
2025-02-13 12:07:50,559 - INFO - 🔹 RMS: 475334.44 (Порог: 5224.14)
2025-02-13 12:07:50,621 - INFO - 🔹 RMS: 744811.71 (Порог: 5224.14)
2025-02-13 12:07:50,690 - INFO - 🔹 RMS: 649210.48 (Порог: 5224.14)
2025-02-13 12:07:50,750 - INFO - 🔹 RMS: 410933.57 (Порог: 5224.14)
2025-02-13 12:07:50,819 - INFO - 🔹 RMS: 216147.92 (Порог: 5224.14)
2025-02-13 12:07:50,880 - INFO - 🔹 RMS: 107893.00 (Порог: 5224.14)
2025-02-13 12:07:50,940 - INFO - 🔹 RMS: 40613.26 (Порог: 5224.14)
2025-02-13 12:07:51,010 - INFO - 🔹 RMS: 14717.52 (Порог: 5224.14)
2025-02-13 12:07:51,070 - INFO - 🔹 RMS: 7473.46 (Порог: 5224.14)
2025-02-13 12:07:51,140 - INFO - 🔹 RMS: 2824.97 (Порог: 5224.14)
2025-02-13 12:07:51,200 - INFO - 🔹 RMS: 2475.27 (Порог: 5224.14)
2025-02-13 12:07:51,261 - INFO - 🔹 RMS: 2651.47 (Порог: 5224.14)
2025-02-13 12:07:51,329 - INFO - 🔹 RMS: 1943.79 (Порог: 5224.14)
2025-02-13 12:07:51,390 - INFO - 🔹 RMS: 27641.54 (Порог: 5224.14)
2025-02-13 12:07:51,460 - INFO - 🔹 RMS: 17021.59 (Порог: 5224.14)
2025-02-13 12:07:51,521 - INFO - 🔹 RMS: 5627.69 (Порог: 5224.14)
2025-02-13 12:07:51,580 - INFO - 🔹 RMS: 5307.44 (Порог: 5224.14)
2025-02-13 12:07:51,650 - INFO - 🔹 RMS: 2818.74 (Порог: 5224.14)
2025-02-13 12:07:51,710 - INFO - 🔹 RMS: 2762.22 (Порог: 5224.14)
2025-02-13 12:07:51,780 - INFO - 🔹 RMS: 3657.85 (Порог: 5224.14)
2025-02-13 12:07:51,841 - INFO - 🔹 RMS: 2891.26 (Порог: 5224.14)
2025-02-13 12:07:51,900 - INFO - 🔹 RMS: 2661.03 (Порог: 5224.14)
2025-02-13 12:07:51,970 - INFO - 🔹 RMS: 1768.32 (Порог: 5224.14)
2025-02-13 12:07:52,030 - INFO - 🔹 RMS: 2573.72 (Порог: 5224.14)
2025-02-13 12:07:52,100 - INFO - 🔹 RMS: 2013.14 (Порог: 5224.14)
2025-02-13 12:07:52,161 - INFO - 🔹 RMS: 1829.93 (Порог: 5224.14)
2025-02-13 12:07:52,220 - INFO - 🔹 RMS: 1918.25 (Порог: 5224.14)
2025-02-13 12:07:52,290 - INFO - 🔹 RMS: 1653.89 (Порог: 5224.14)
2025-02-13 12:07:52,351 - INFO - 🔹 RMS: 2416.78 (Порог: 5224.14)
2025-02-13 12:07:52,420 - INFO - 🔹 RMS: 1925.37 (Порог: 5224.14)
2025-02-13 12:07:52,481 - INFO - 🔹 RMS: 1945.30 (Порог: 5224.14)
2025-02-13 12:07:52,541 - INFO - 🔹 RMS: 1605.05 (Порог: 5224.14)
2025-02-13 12:07:52,610 - INFO - 🔹 RMS: 1938.76 (Порог: 5224.14)
2025-02-13 12:07:52,670 - INFO - 🔹 RMS: 2504.29 (Порог: 5224.14)
2025-02-13 12:07:52,740 - INFO - 🔹 RMS: 1850.62 (Порог: 5224.14)
2025-02-13 12:07:52,801 - INFO - 🔹 RMS: 1464.76 (Порог: 5224.14)
2025-02-13 12:07:52,860 - INFO - 🔹 RMS: 1563.75 (Порог: 5224.14)
2025-02-13 12:07:52,929 - INFO - 🔹 RMS: 1788.64 (Порог: 5224.14)
2025-02-13 12:07:52,990 - INFO - 🔹 RMS: 2058.47 (Порог: 5224.14)
2025-02-13 12:07:53,061 - INFO - 🔹 RMS: 1465.42 (Порог: 5224.14)
2025-02-13 12:07:53,120 - INFO - 🔹 RMS: 1609.91 (Порог: 5224.14)
2025-02-13 12:07:53,122 - INFO - ✅ Команда записана!
2025-02-13 12:07:53,968 - INFO - 📝 Распознано: привет
2025-02-13 12:07:53,969 - INFO - 🤖 Определённый intent: hello
2025-02-13 12:07:53,970 - INFO - ✅ Найдена команда: hello
2025-02-13 12:07:56,818 - INFO - 🎤 Ожидание ключевой фразы...
2025-02-13 12:08:06,873 - INFO - 🚀 Запуск голосового ассистента...
2025-02-13 12:08:10,245 - INFO - 🔊 Калибровка уровня шума...
2025-02-13 12:08:11,218 - INFO - Установленный порог: 6383.97
2025-02-13 12:08:15,830 - INFO - 🤖 Бот запущен. Ожидание активации...
2025-02-13 12:08:15,857 - INFO - 🎤 Ожидание ключевой фразы...
2025-02-13 12:08:21,911 - INFO - 🔹 Активация!
2025-02-13 12:08:21,912 - INFO - 🎤 Голосовая команда активирована
2025-02-13 12:08:21,913 - INFO - 🎤 Запись команды...
2025-02-13 12:08:21,914 - INFO - 🔹 RMS: 30643.71 (Порог: 6383.97)
2025-02-13 12:08:21,917 - INFO - 🔹 RMS: 29585.61 (Порог: 6383.97)
2025-02-13 12:08:21,917 - INFO - 🔹 RMS: 13196.83 (Порог: 6383.97)
2025-02-13 12:08:21,983 - INFO - 🔹 RMS: 2584.70 (Порог: 6383.97)
2025-02-13 12:08:22,043 - INFO - 🔹 RMS: 2745.38 (Порог: 6383.97)
2025-02-13 12:08:22,113 - INFO - 🔹 RMS: 1758.63 (Порог: 6383.97)
2025-02-13 12:08:22,173 - INFO - 🔹 RMS: 1044.89 (Порог: 6383.97)
2025-02-13 12:08:22,233 - INFO - 🔹 RMS: 2055.62 (Порог: 6383.97)
2025-02-13 12:08:22,302 - INFO - 🔹 RMS: 3368.92 (Порог: 6383.97)
2025-02-13 12:08:22,362 - INFO - 🔹 RMS: 1474.06 (Порог: 6383.97)
2025-02-13 12:08:22,432 - INFO - 🔹 RMS: 4869.29 (Порог: 6383.97)
2025-02-13 12:08:22,493 - INFO - 🔹 RMS: 295077.59 (Порог: 6383.97)
2025-02-13 12:08:22,553 - INFO - 🔹 RMS: 196741.49 (Порог: 6383.97)
2025-02-13 12:08:22,622 - INFO - 🔹 RMS: 112326.19 (Порог: 6383.97)
2025-02-13 12:08:22,683 - INFO - 🔹 RMS: 1282460.30 (Порог: 6383.97)
2025-02-13 12:08:22,752 - INFO - 🔹 RMS: 1007487.18 (Порог: 6383.97)
2025-02-13 12:08:22,813 - INFO - 🔹 RMS: 1232082.76 (Порог: 6383.97)
2025-02-13 12:08:22,873 - INFO - 🔹 RMS: 1052313.61 (Порог: 6383.97)
2025-02-13 12:08:22,942 - INFO - 🔹 RMS: 559917.48 (Порог: 6383.97)
2025-02-13 12:08:23,004 - INFO - 🔹 RMS: 236498.64 (Порог: 6383.97)
2025-02-13 12:08:23,073 - INFO - 🔹 RMS: 132778.43 (Порог: 6383.97)
2025-02-13 12:08:23,133 - INFO - 🔹 RMS: 50522.98 (Порог: 6383.97)
2025-02-13 12:08:23,193 - INFO - 🔹 RMS: 27162.74 (Порог: 6383.97)
2025-02-13 12:08:23,263 - INFO - 🔹 RMS: 13937.22 (Порог: 6383.97)
2025-02-13 12:08:23,324 - INFO - 🔹 RMS: 10151.15 (Порог: 6383.97)
2025-02-13 12:08:23,393 - INFO - 🔹 RMS: 2462.02 (Порог: 6383.97)
2025-02-13 12:08:23,452 - INFO - 🔹 RMS: 1297.16 (Порог: 6383.97)
2025-02-13 12:08:23,513 - INFO - 🔹 RMS: 1209.50 (Порог: 6383.97)
2025-02-13 12:08:23,582 - INFO - 🔹 RMS: 1831.26 (Порог: 6383.97)
2025-02-13 12:08:23,643 - INFO - 🔹 RMS: 1372.87 (Порог: 6383.97)
2025-02-13 12:08:23,712 - INFO - 🔹 RMS: 1351.36 (Порог: 6383.97)
2025-02-13 12:08:23,773 - INFO - 🔹 RMS: 1540.79 (Порог: 6383.97)
2025-02-13 12:08:23,832 - INFO - 🔹 RMS: 1218.35 (Порог: 6383.97)
2025-02-13 12:08:23,902 - INFO - 🔹 RMS: 1473.73 (Порог: 6383.97)
2025-02-13 12:08:23,963 - INFO - 🔹 RMS: 2121.09 (Порог: 6383.97)
2025-02-13 12:08:24,033 - INFO - 🔹 RMS: 1317.33 (Порог: 6383.97)
2025-02-13 12:08:24,092 - INFO - 🔹 RMS: 1140.95 (Порог: 6383.97)
2025-02-13 12:08:24,153 - INFO - 🔹 RMS: 1042.55 (Порог: 6383.97)
2025-02-13 12:08:24,223 - INFO - 🔹 RMS: 2355.18 (Порог: 6383.97)
2025-02-13 12:08:24,283 - INFO - 🔹 RMS: 1921.56 (Порог: 6383.97)
2025-02-13 12:08:24,353 - INFO - 🔹 RMS: 1970.24 (Порог: 6383.97)
2025-02-13 12:08:24,413 - INFO - 🔹 RMS: 11533.45 (Порог: 6383.97)
2025-02-13 12:08:24,474 - INFO - 🔹 RMS: 2499.61 (Порог: 6383.97)
2025-02-13 12:08:24,542 - INFO - 🔹 RMS: 3730.02 (Порог: 6383.97)
2025-02-13 12:08:24,603 - INFO - 🔹 RMS: 5932.15 (Порог: 6383.97)
2025-02-13 12:08:24,673 - INFO - 🔹 RMS: 1934.73 (Порог: 6383.97)
2025-02-13 12:08:24,732 - INFO - 🔹 RMS: 1399.64 (Порог: 6383.97)
2025-02-13 12:08:24,793 - INFO - 🔹 RMS: 1655.66 (Порог: 6383.97)
2025-02-13 12:08:24,863 - INFO - 🔹 RMS: 1224.74 (Порог: 6383.97)
2025-02-13 12:08:24,923 - INFO - 🔹 RMS: 1096.43 (Порог: 6383.97)
2025-02-13 12:08:24,993 - INFO - 🔹 RMS: 2193.07 (Порог: 6383.97)
2025-02-13 12:08:25,053 - INFO - 🔹 RMS: 3838.03 (Порог: 6383.97)
2025-02-13 12:08:25,114 - INFO - 🔹 RMS: 3990.34 (Порог: 6383.97)
2025-02-13 12:08:25,182 - INFO - 🔹 RMS: 1454.72 (Порог: 6383.97)
2025-02-13 12:08:25,243 - INFO - 🔹 RMS: 1219.95 (Порог: 6383.97)
2025-02-13 12:08:25,313 - INFO - 🔹 RMS: 1422.48 (Порог: 6383.97)
2025-02-13 12:08:25,373 - INFO - 🔹 RMS: 1161.73 (Порог: 6383.97)
2025-02-13 12:08:25,433 - INFO - 🔹 RMS: 2416.58 (Порог: 6383.97)
2025-02-13 12:08:25,503 - INFO - 🔹 RMS: 1439.88 (Порог: 6383.97)
2025-02-13 12:08:25,563 - INFO - 🔹 RMS: 1339.02 (Порог: 6383.97)
2025-02-13 12:08:25,632 - INFO - 🔹 RMS: 1480.67 (Порог: 6383.97)
2025-02-13 12:08:25,693 - INFO - 🔹 RMS: 1398.94 (Порог: 6383.97)
2025-02-13 12:08:25,754 - INFO - 🔹 RMS: 1182.14 (Порог: 6383.97)
2025-02-13 12:08:25,823 - INFO - 🔹 RMS: 2709.94 (Порог: 6383.97)
2025-02-13 12:08:25,884 - INFO - 🔹 RMS: 9820.91 (Порог: 6383.97)
2025-02-13 12:08:25,953 - INFO - 🔹 RMS: 1433.42 (Порог: 6383.97)
2025-02-13 12:08:26,013 - INFO - 🔹 RMS: 1780.15 (Порог: 6383.97)
2025-02-13 12:08:26,073 - INFO - 🔹 RMS: 1868.74 (Порог: 6383.97)
2025-02-13 12:08:26,143 - INFO - 🔹 RMS: 1140.95 (Порог: 6383.97)
2025-02-13 12:08:26,203 - INFO - 🔹 RMS: 1261.28 (Порог: 6383.97)
2025-02-13 12:08:26,273 - INFO - 🔹 RMS: 1682.57 (Порог: 6383.97)
2025-02-13 12:08:26,333 - INFO - 🔹 RMS: 1159.20 (Порог: 6383.97)
2025-02-13 12:08:26,393 - INFO - 🔹 RMS: 996.09 (Порог: 6383.97)
2025-02-13 12:08:26,463 - INFO - 🔹 RMS: 1216.34 (Порог: 6383.97)
2025-02-13 12:08:26,523 - INFO - 🔹 RMS: 1296.40 (Порог: 6383.97)
2025-02-13 12:08:26,593 - INFO - 🔹 RMS: 1389.48 (Порог: 6383.97)
2025-02-13 12:08:26,653 - INFO - 🔹 RMS: 3496.37 (Порог: 6383.97)
2025-02-13 12:08:26,713 - INFO - 🔹 RMS: 1754.74 (Порог: 6383.97)
2025-02-13 12:08:26,782 - INFO - 🔹 RMS: 1400.68 (Порог: 6383.97)
2025-02-13 12:08:26,843 - INFO - 🔹 RMS: 1333.54 (Порог: 6383.97)
2025-02-13 12:08:26,912 - INFO - 🔹 RMS: 1515.54 (Порог: 6383.97)
2025-02-13 12:08:26,974 - INFO - 🔹 RMS: 1454.38 (Порог: 6383.97)
2025-02-13 12:08:26,976 - INFO - ✅ Команда записана!
2025-02-13 12:08:27,921 - INFO - 📝 Распознано: здорово
2025-02-13 12:08:27,922 - INFO - 🤖 Определённый intent: hello
2025-02-13 12:08:27,923 - INFO - ✅ Найдена команда: hello
2025-02-13 12:08:30,648 - INFO - 🎤 Ожидание ключевой фразы...
2025-02-15 15:11:21,257 - INFO - 🚀 Запуск голосового ассистента...
2025-02-15 15:11:37,199 - INFO - 🚀 Запуск голосового ассистента...
2025-02-15 15:12:27,553 - INFO - 🚀 Запуск голосового ассистента...
